<?xml version="1.0" encoding="UTF-8"?>
<testsuite xmlns:xsi="http://www.w3.org/2001/XMLSchema-instance" xsi:noNamespaceSchemaLocation="https://maven.apache.org/surefire/maven-surefire-plugin/xsd/surefire-test-report.xsd" name="br.uepg.deinfo.AppTest" time="0.032" tests="1" errors="0" skipped="0" failures="0">
  <properties>
    <property name="java.specification.version" value="18"/>
    <property name="sun.cpu.isalist" value="amd64"/>
    <property name="sun.jnu.encoding" value="Cp1252"/>
    <property name="java.class.path" value="c:\Users\eliezer\Documents\MeuJuliusMaven\novo\target\test-classes;c:\Users\eliezer\Documents\MeuJuliusMaven\novo\target\classes;C:\Users\eliezer\.m2\repository\org\xerial\sqlite-jdbc\3.42.0.0\sqlite-jdbc-3.42.0.0.jar;C:\Users\eliezer\.m2\repository\junit\junit\4.11\junit-4.11.jar;C:\Users\eliezer\.m2\repository\org\hamcrest\hamcrest-core\1.3\hamcrest-core-1.3.jar;"/>
    <property name="java.vm.vendor" value="Oracle Corporation"/>
    <property name="sun.arch.data.model" value="64"/>
    <property name="user.variant" value=""/>
    <property name="java.vendor.url" value="https://java.oracle.com/"/>
    <property name="user.timezone" value="America/Sao_Paulo"/>
    <property name="os.name" value="Windows 11"/>
    <property name="java.vm.specification.version" value="18"/>
    <property name="sun.java.launcher" value="SUN_STANDARD"/>
    <property name="user.country" value="BR"/>
    <property name="sun.boot.library.path" value="C:\Program Files\Java\jdk-18.0.2.1\bin"/>
    <property name="sun.java.command" value="C:\Users\eliezer\AppData\Local\Temp\surefire1408499945826595881\surefirebooter2297588707655546124.jar C:\Users\eliezer\AppData\Local\Temp\surefire1408499945826595881 2023-07-10T11-43-12_021-jvmRun1 surefire15776014100470170818tmp surefire_08763106791843321999tmp"/>
    <property name="jdk.debug" value="release"/>
    <property name="surefire.test.class.path" value="c:\Users\eliezer\Documents\MeuJuliusMaven\novo\target\test-classes;c:\Users\eliezer\Documents\MeuJuliusMaven\novo\target\classes;C:\Users\eliezer\.m2\repository\org\xerial\sqlite-jdbc\3.42.0.0\sqlite-jdbc-3.42.0.0.jar;C:\Users\eliezer\.m2\repository\junit\junit\4.11\junit-4.11.jar;C:\Users\eliezer\.m2\repository\org\hamcrest\hamcrest-core\1.3\hamcrest-core-1.3.jar;"/>
    <property name="sun.cpu.endian" value="little"/>
    <property name="user.home" value="C:\Users\eliezer"/>
    <property name="user.language" value="pt"/>
    <property name="java.specification.vendor" value="Oracle Corporation"/>
    <property name="java.version.date" value="2022-08-18"/>
    <property name="java.home" value="C:\Program Files\Java\jdk-18.0.2.1"/>
    <property name="file.separator" value="\"/>
    <property name="basedir" value="c:\Users\eliezer\Documents\MeuJuliusMaven\novo"/>
    <property name="java.vm.compressedOopsMode" value="Zero based"/>
    <property name="line.separator" value="&#10;"/>
    <property name="java.vm.specification.vendor" value="Oracle Corporation"/>
    <property name="java.specification.name" value="Java Platform API Specification"/>
    <property name="surefire.real.class.path" value="C:\Users\eliezer\AppData\Local\Temp\surefire1408499945826595881\surefirebooter2297588707655546124.jar"/>
    <property name="user.script" value=""/>
    <property name="sun.management.compiler" value="HotSpot 64-Bit Tiered Compilers"/>
    <property name="java.runtime.version" value="18.0.2.1+1-1"/>
    <property name="user.name" value="eliezer"/>
    <property name="path.separator" value=";"/>
    <property name="os.version" value="10.0"/>
    <property name="java.runtime.name" value="Java(TM) SE Runtime Environment"/>
    <property name="file.encoding" value="UTF-8"/>
    <property name="java.vm.name" value="Java HotSpot(TM) 64-Bit Server VM"/>
    <property name="localRepository" value="C:\Users\eliezer\.m2\repository"/>
    <property name="java.vendor.url.bug" value="https://bugreport.java.com/bugreport/"/>
    <property name="java.io.tmpdir" value="C:\Users\eliezer\AppData\Local\Temp\"/>
    <property name="java.version" value="18.0.2.1"/>
    <property name="user.dir" value="c:\Users\eliezer\Documents\MeuJuliusMaven\novo"/>
    <property name="os.arch" value="amd64"/>
    <property name="java.vm.specification.name" value="Java Virtual Machine Specification"/>
    <property name="sun.os.patch.level" value=""/>
    <property name="native.encoding" value="Cp1252"/>
    <property name="java.library.path" value="C:\Program Files\Java\jdk-18.0.2.1\bin;C:\WINDOWS\Sun\Java\bin;C:\WINDOWS\system32;C:\WINDOWS;C:\Program Files\Python39\Scripts\;C:\Program Files\Python39\;C:\Program Files\Common Files\Oracle\Java\javapath;C:\Program Files (x86)\Common Files\Oracle\Java\javapath;C:\WINDOWS\system32;C:\WINDOWS;C:\WINDOWS\System32\Wbem;C:\WINDOWS\System32\WindowsPowerShell\v1.0\;C:\WINDOWS\System32\OpenSSH\;C:\Program Files\Git\cmd;C:\Program Files\nodejs\;C:\ProgramData\chocolatey\bin;C:\Program Files (x86)\Windows Live\Shared;C:\MinGW\bin;C:\Program Files\Python39;C:\Program Files (x86)\curl\bin;C:\Program Files\Python39\Scripts;C:\Program Files\Vim\vim90;C:\Program Files\Java\jdk-18.0.2.1\bin;C:\Program Files\dotnet\;C:\php;C:\composer;C:\Users\eliezer\MAVEN\bin;H:\OrCAD\tools\pcb\bin;H:\OrCAD\tools\fet\bin;H:\OrCAD\OpenAccess\bin\win32\opt;H:\OrCAD\tools\bin;H:\OrCAD\tools\Capture;H:\OrCAD\tools\PSpice;C:\Users\eliezer\AppData\Local\Microsoft\WindowsApps;C:\Users\eliezer\AppData\Local\Programs\Microsoft VS Code\bin;C:\xampp\php;C:\Users\eliezer\AppData\Roaming\Composer\vendor\bin;C:\MinGW\bin;C:\Program Files\Java\jdk-18.0.2.1\bin;;E:\ModelSim\modelsim_ase\win32aloem;C:\Program Files (x86)\GnuWin32\bin;."/>
    <property name="java.vm.info" value="mixed mode, sharing"/>
    <property name="java.vendor" value="Oracle Corporation"/>
    <property name="java.vm.version" value="18.0.2.1+1-1"/>
    <property name="sun.io.unicode.encoding" value="UnicodeLittle"/>
    <property name="java.class.version" value="62.0"/>
  </properties>
  <testcase name="shouldAnswerWithTrue" classname="br.uepg.deinfo.AppTest" time="0.004"/>
</testsuite>